c:\su\repository\tools\duplicatefiles\executive\debug\vc142.pdb
c:\su\repository\tools\duplicatefiles\executive\debug\vc142.idb
c:\su\repository\tools\duplicatefiles\executive\debug\executive.obj
c:\su\repository\tools\duplicatefiles\executive\debug\filesystem.obj
c:\su\repository\tools\duplicatefiles\executive\debug\filemgr.obj
c:\su\repository\tools\duplicatefiles\executive\debug\display.obj
c:\su\repository\tools\duplicatefiles\executive\debug\datastore.obj
c:\su\repository\tools\duplicatefiles\executive\debug\catalog.obj
c:\su\repository\tools\duplicatefiles\debug\executive.lib
c:\su\repository\tools\duplicatefiles\debug\executive.exp
c:\su\repository\tools\duplicatefiles\debug\executive.ilk
c:\su\repository\tools\duplicatefiles\debug\executive.exe
c:\su\repository\tools\duplicatefiles\debug\executive.pdb
c:\su\repository\tools\duplicatefiles\executive\debug\executive.tlog\cl.command.1.tlog
c:\su\repository\tools\duplicatefiles\executive\debug\executive.tlog\cl.read.1.tlog
c:\su\repository\tools\duplicatefiles\executive\debug\executive.tlog\cl.write.1.tlog
c:\su\repository\tools\duplicatefiles\executive\debug\executive.tlog\executive.write.1u.tlog
c:\su\repository\tools\duplicatefiles\executive\debug\executive.tlog\link.command.1.tlog
c:\su\repository\tools\duplicatefiles\executive\debug\executive.tlog\link.read.1.tlog
c:\su\repository\tools\duplicatefiles\executive\debug\executive.tlog\link.write.1.tlog
