c:\su\repository\tools\duplicatefiles\display\debug\vc142.pdb
c:\su\repository\tools\duplicatefiles\display\debug\vc142.idb
c:\su\repository\tools\duplicatefiles\display\debug\display.obj
c:\su\repository\tools\duplicatefiles\display\debug\utilities.obj
c:\su\repository\tools\duplicatefiles\display\debug\filesystem.obj
c:\su\repository\tools\duplicatefiles\display\debug\filemgr.obj
c:\su\repository\tools\duplicatefiles\display\debug\datastore.obj
c:\su\repository\tools\duplicatefiles\display\debug\catalog.obj
c:\su\repository\tools\duplicatefiles\debug\display.lib
c:\su\repository\tools\duplicatefiles\debug\display.exp
c:\su\repository\tools\duplicatefiles\debug\display.ilk
c:\su\repository\tools\duplicatefiles\debug\display.exe
c:\su\repository\tools\duplicatefiles\debug\display.pdb
c:\su\repository\tools\duplicatefiles\display\debug\display.tlog\cl.command.1.tlog
c:\su\repository\tools\duplicatefiles\display\debug\display.tlog\cl.read.1.tlog
c:\su\repository\tools\duplicatefiles\display\debug\display.tlog\cl.write.1.tlog
c:\su\repository\tools\duplicatefiles\display\debug\display.tlog\display.write.1u.tlog
c:\su\repository\tools\duplicatefiles\display\debug\display.tlog\link.command.1.tlog
c:\su\repository\tools\duplicatefiles\display\debug\display.tlog\link.read.1.tlog
c:\su\repository\tools\duplicatefiles\display\debug\display.tlog\link.write.1.tlog
